Using pre-set license

 COMMAND LINE ARGUMENTS:
/Applications/Unity/Hub/Editor/2020.3.0f1/Unity.app/Contents/MacOS/Unity
-adb2
-batchMode
-noUpm
-name
AssetImportWorker0
-projectPath
/Users/harrisonjung/Desktop/2D-Pong/2D Pong
-logFile
Logs/AssetImportWorker0.log
-srvPort
60769
Successfully changed project path to: /Users/harrisonjung/Desktop/2D-Pong/2D Pong
/Users/harrisonjung/Desktop/2D-Pong/2D Pong
Using Asset Import Pipeline V2.
Refreshing native plugins compatible for Editor in 37.72 ms, found 2 plugins.
Preloading 0 native plugins for Editor in 0.00 ms.
Initialize engine version: 2020.3.0f1 (c7b5465681fb)
[Subsystems] Discovering subsystems at path /Applications/Unity/Hub/Editor/2020.3.0f1/Unity.app/Contents/Resources/UnitySubsystems
[Subsystems] Discovering subsystems at path /Users/harrisonjung/Desktop/2D-Pong/2D Pong/Assets
GfxDevice: creating device client; threaded=0
2021-03-14 20:35:45.172 Unity[35127:1796952] Color LCD preferred device: AMD Radeon Pro 555X (high power)
2021-03-14 20:35:45.172 Unity[35127:1796952] Metal devices available: 2
2021-03-14 20:35:45.172 Unity[35127:1796952] 0: AMD Radeon Pro 555X (high power)
2021-03-14 20:35:45.172 Unity[35127:1796952] 1: Intel(R) UHD Graphics 630 (low power)
2021-03-14 20:35:45.172 Unity[35127:1796952] Using device AMD Radeon Pro 555X (high power)
Initializing Metal device caps: AMD Radeon Pro 555X
Initialize mono
Mono path[0] = '/Applications/Unity/Hub/Editor/2020.3.0f1/Unity.app/Contents/Managed'
Mono path[1] = '/Applications/Unity/Hub/Editor/2020.3.0f1/Unity.app/Contents/MonoBleedingEdge/lib/mono/unityjit'
Mono config path = '/Applications/Unity/Hub/Editor/2020.3.0f1/Unity.app/Contents/MonoBleedingEdge/etc'
Using monoOptions --debugger-agent=transport=dt_socket,embedding=1,server=y,suspend=n,address=127.0.0.1:56127
Begin MonoManager ReloadAssembly
Registering precompiled unity dll's ...
Register platform support module: /Applications/Unity/Hub/Editor/2020.3.0f1/Unity.app/Contents/PlaybackEngines/MacStandaloneSupport/UnityEditor.OSXStandalone.Extensions.dll
Registered in 0.003670 seconds.
Native extension for OSXStandalone target not found
Refreshing native plugins compatible for Editor in 39.45 ms, found 2 plugins.
Preloading 0 native plugins for Editor in 0.00 ms.
Invoked RoslynAnalysisRunner static constructor.
RoslynAnalysisRunner will not be running.
RoslynAnalysisRunner has terminated.
Mono: successfully reloaded assembly
- Completed reload, in  2.554 seconds
Platform modules already initialized, skipping
Registering precompiled user dll's ...
Registered in 0.000597 seconds.
Begin MonoManager ReloadAssembly
Native extension for OSXStandalone target not found
Refreshing native plugins compatible for Editor in 39.60 ms, found 2 plugins.
Preloading 0 native plugins for Editor in 0.00 ms.
Invoked RoslynAnalysisRunner static constructor.
RoslynAnalysisRunner will not be running.
RoslynAnalysisRunner has terminated.
Mono: successfully reloaded assembly
- Completed reload, in  1.184 seconds
Platform modules already initialized, skipping
========================================================================
Worker process is ready to serve import requests
Launching external process: /Applications/Unity/Hub/Editor/2020.3.0f1/Unity.app/Contents/Tools/UnityShaderCompiler
Launched and connected shader compiler UnityShaderCompiler after 0.01 seconds
Refreshing native plugins compatible for Editor in 0.35 ms, found 2 plugins.
Preloading 0 native plugins for Editor in 0.00 ms.
Unloading 1807 Unused Serialized files (Serialized files now loaded: 0)
System memory in use before: 144.3 MB.
System memory in use after: 144.3 MB.

Unloading 24 unused Assets to reduce memory usage. Loaded Objects now: 2249.
Total: 2.748536 ms (FindLiveObjects: 0.239745 ms CreateObjectMapping: 0.084116 ms MarkObjects: 2.289572 ms  DeleteObjects: 0.133830 ms)

========================================================================
Received Import Request.
  path: Assets/GameManager.cs
  artifactKey: Guid(3cc2fd105fdce44deab5b5f385cf27d0) Importer(815301076,1909f56bfc062723c751e8b465ee728b)
Start importing Assets/GameManager.cs using Guid(3cc2fd105fdce44deab5b5f385cf27d0) Importer(815301076,1909f56bfc062723c751e8b465ee728b)  -> (artifact id: '2d7ef5a92ed4e198371a228688084e60') in 0.367593 seconds
  Import took 0.371083 seconds .

========================================================================
Received Import Request.
  Time since last request: 6.950104 seconds.
  path: Assets/Paddle.cs
  artifactKey: Guid(a4532db368f184eedb2865ef70a3c783) Importer(815301076,1909f56bfc062723c751e8b465ee728b)
Start importing Assets/Paddle.cs using Guid(a4532db368f184eedb2865ef70a3c783) Importer(815301076,1909f56bfc062723c751e8b465ee728b)  -> (artifact id: '4baa90898cbe84177cf0e8eef32fc247') in 0.003016 seconds
  Import took 0.005879 seconds .

========================================================================
Received Prepare
Registering precompiled user dll's ...
Registered in 0.000577 seconds.
Begin MonoManager ReloadAssembly
Native extension for OSXStandalone target not found
Refreshing native plugins compatible for Editor in 0.34 ms, found 2 plugins.
Preloading 0 native plugins for Editor in 0.00 ms.
Invoked RoslynAnalysisRunner static constructor.
RoslynAnalysisRunner will not be running.
RoslynAnalysisRunner has terminated.
Mono: successfully reloaded assembly
- Completed reload, in  1.015 seconds
Platform modules already initialized, skipping
Refreshing native plugins compatible for Editor in 0.35 ms, found 2 plugins.
Preloading 0 native plugins for Editor in 0.00 ms.
Unloading 1803 Unused Serialized files (Serialized files now loaded: 0)
System memory in use before: 148.8 MB.
System memory in use after: 148.8 MB.

Unloading 12 unused Assets to reduce memory usage. Loaded Objects now: 2254.
Total: 2.270501 ms (FindLiveObjects: 0.315943 ms CreateObjectMapping: 0.130992 ms MarkObjects: 1.721920 ms  DeleteObjects: 0.100110 ms)

========================================================================
Received Import Request.
  Time since last request: 3.987383 seconds.
  path: Assets
  artifactKey: Guid(00000000000000001000000000000000) Importer(815301076,1909f56bfc062723c751e8b465ee728b)
Start importing Assets using Guid(00000000000000001000000000000000) Importer(815301076,1909f56bfc062723c751e8b465ee728b)  -> (artifact id: '42baae205c97e3337697759514652acd') in 0.005206 seconds
  Import took 0.010188 seconds .

========================================================================
Received Import Request.
  Time since last request: 5.690787 seconds.
  path: Assets/Ball.cs
  artifactKey: Guid(89847c324b4ac4782a2da2820727394b) Importer(815301076,1909f56bfc062723c751e8b465ee728b)
Start importing Assets/Ball.cs using Guid(89847c324b4ac4782a2da2820727394b) Importer(815301076,1909f56bfc062723c751e8b465ee728b)  -> (artifact id: '84c7180c18ad65968e730cf19448bcd6') in 0.003219 seconds
  Import took 0.006662 seconds .

========================================================================
Received Prepare
Registering precompiled user dll's ...
Registered in 0.000874 seconds.
Begin MonoManager ReloadAssembly
Native extension for OSXStandalone target not found
Refreshing native plugins compatible for Editor in 0.36 ms, found 2 plugins.
Preloading 0 native plugins for Editor in 0.00 ms.
Invoked RoslynAnalysisRunner static constructor.
RoslynAnalysisRunner will not be running.
RoslynAnalysisRunner has terminated.
Mono: successfully reloaded assembly
- Completed reload, in  1.242 seconds
Platform modules already initialized, skipping
Refreshing native plugins compatible for Editor in 0.38 ms, found 2 plugins.
Preloading 0 native plugins for Editor in 0.00 ms.
Unloading 1804 Unused Serialized files (Serialized files now loaded: 0)
System memory in use before: 149.0 MB.
System memory in use after: 149.0 MB.

Unloading 12 unused Assets to reduce memory usage. Loaded Objects now: 2259.
Total: 2.651852 ms (FindLiveObjects: 0.276267 ms CreateObjectMapping: 0.154186 ms MarkObjects: 2.100372 ms  DeleteObjects: 0.105800 ms)

========================================================================
Received Import Request.
  Time since last request: 62.140722 seconds.
  path: Assets/Square.png
  artifactKey: Guid(a9f6618d5f10d440693574b704a5b41e) Importer(815301076,1909f56bfc062723c751e8b465ee728b)
Start importing Assets/Square.png using Guid(a9f6618d5f10d440693574b704a5b41e) Importer(815301076,1909f56bfc062723c751e8b465ee728b)  -> (artifact id: '2d3d09f5ec550e8647cd232b53b680af') in 1.354778 seconds
  Import took 1.358106 seconds .

========================================================================
Received Import Request.
  Time since last request: 14.035834 seconds.
  path: Assets/Circle.png
  artifactKey: Guid(d6901373a51984bc989ce75edc2f7848) Importer(815301076,1909f56bfc062723c751e8b465ee728b)
Start importing Assets/Circle.png using Guid(d6901373a51984bc989ce75edc2f7848) Importer(815301076,1909f56bfc062723c751e8b465ee728b)  -> (artifact id: '5cbe96768784f8beeb77f0571da11abd') in 0.025600 seconds
  Import took 0.029187 seconds .

========================================================================
Received Import Request.
  Time since last request: 185.746764 seconds.
  path: ProjectSettings/TagManager.asset
  artifactKey: Guid(00000000000000003000000000000000) Importer(815301076,1909f56bfc062723c751e8b465ee728b)
Start importing ProjectSettings/TagManager.asset using Guid(00000000000000003000000000000000) Importer(815301076,1909f56bfc062723c751e8b465ee728b)  -> (artifact id: '779d5949113fa91bb85f64f090860d93') in 1.180435 seconds
  Import took 1.183604 seconds .

========================================================================
Received Import Request.
  Time since last request: 53.766285 seconds.
  path: Assets/Paddle.prefab
  artifactKey: Guid(b3cace6831c3b40558247f4a7bf5b3f6) Importer(815301076,1909f56bfc062723c751e8b465ee728b)
Start importing Assets/Paddle.prefab using Guid(b3cace6831c3b40558247f4a7bf5b3f6) Importer(815301076,1909f56bfc062723c751e8b465ee728b)  -> (artifact id: '3723f69c454e45cfc0c7b1ef1d02f686') in 0.511364 seconds
  Import took 0.514450 seconds .

========================================================================
Received Import Request.
  Time since last request: 1.828252 seconds.
  path: Assets/Ball.prefab
  artifactKey: Guid(993e1007f55234e708b0b942d0fc3441) Importer(815301076,1909f56bfc062723c751e8b465ee728b)
Start importing Assets/Ball.prefab using Guid(993e1007f55234e708b0b942d0fc3441) Importer(815301076,1909f56bfc062723c751e8b465ee728b)  -> (artifact id: '7fdd5b2c43ae8c6dc5a91cd22eeb3158') in 0.018493 seconds
  Import took 0.021530 seconds .

========================================================================
Received Import Request.
  Time since last request: 0.009060 seconds.
  path: Assets/Ball.prefab
  artifactKey: Guid(993e1007f55234e708b0b942d0fc3441) Importer(815301076,1909f56bfc062723c751e8b465ee728b)
Start importing Assets/Ball.prefab using Guid(993e1007f55234e708b0b942d0fc3441) Importer(815301076,1909f56bfc062723c751e8b465ee728b)  -> (artifact id: '7fdd5b2c43ae8c6dc5a91cd22eeb3158') in 0.030076 seconds
  Import took 0.033387 seconds .

========================================================================
Received Import Request.
  Time since last request: 11.412038 seconds.
  path: Assets/Paddle.prefab
  artifactKey: Guid(b3cace6831c3b40558247f4a7bf5b3f6) Importer(815301076,1909f56bfc062723c751e8b465ee728b)
Start importing Assets/Paddle.prefab using Guid(b3cace6831c3b40558247f4a7bf5b3f6) Importer(815301076,1909f56bfc062723c751e8b465ee728b)  -> (artifact id: '9a6b6b33ff197b3a98780549fd0a4e69') in 0.013338 seconds
  Import took 0.016543 seconds .

========================================================================
Received Import Request.
  Time since last request: 0.007706 seconds.
  path: Assets/Paddle.prefab
  artifactKey: Guid(b3cace6831c3b40558247f4a7bf5b3f6) Importer(815301076,1909f56bfc062723c751e8b465ee728b)
Start importing Assets/Paddle.prefab using Guid(b3cace6831c3b40558247f4a7bf5b3f6) Importer(815301076,1909f56bfc062723c751e8b465ee728b)  -> (artifact id: '9a6b6b33ff197b3a98780549fd0a4e69') in 0.018871 seconds
  Import took 0.022329 seconds .

========================================================================
Received Prepare
Registering precompiled user dll's ...
Registered in 0.000848 seconds.
Begin MonoManager ReloadAssembly
Native extension for OSXStandalone target not found
Refreshing native plugins compatible for Editor in 0.38 ms, found 2 plugins.
Preloading 0 native plugins for Editor in 0.00 ms.
Invoked RoslynAnalysisRunner static constructor.
RoslynAnalysisRunner will not be running.
RoslynAnalysisRunner has terminated.
Mono: successfully reloaded assembly
- Completed reload, in  1.242 seconds
Platform modules already initialized, skipping
Refreshing native plugins compatible for Editor in 0.41 ms, found 2 plugins.
Preloading 0 native plugins for Editor in 0.00 ms.
Unloading 1804 Unused Serialized files (Serialized files now loaded: 0)
System memory in use before: 165.4 MB.
System memory in use after: 165.4 MB.

Unloading 13 unused Assets to reduce memory usage. Loaded Objects now: 2272.
Total: 2.389652 ms (FindLiveObjects: 0.274915 ms CreateObjectMapping: 0.095954 ms MarkObjects: 1.905320 ms  DeleteObjects: 0.111411 ms)

========================================================================
Received Import Request.
  Time since last request: 180.277587 seconds.
  path: Assets/Paddle.prefab
  artifactKey: Guid(b3cace6831c3b40558247f4a7bf5b3f6) Importer(815301076,1909f56bfc062723c751e8b465ee728b)
Start importing Assets/Paddle.prefab using Guid(b3cace6831c3b40558247f4a7bf5b3f6) Importer(815301076,1909f56bfc062723c751e8b465ee728b)  -> (artifact id: '087261129674dcf9f3cd164f40e2ab3e') in 0.069945 seconds
  Import took 0.073366 seconds .

========================================================================
Received Import Request.
  Time since last request: 5.016999 seconds.
  path: Assets/Paddle.prefab
  artifactKey: Guid(b3cace6831c3b40558247f4a7bf5b3f6) Importer(815301076,1909f56bfc062723c751e8b465ee728b)
Start importing Assets/Paddle.prefab using Guid(b3cace6831c3b40558247f4a7bf5b3f6) Importer(815301076,1909f56bfc062723c751e8b465ee728b)  -> (artifact id: '7bac0d08181c29ad82650207b8321005') in 0.018193 seconds
  Import took 0.021300 seconds .

========================================================================
Received Import Request.
  Time since last request: 0.012545 seconds.
  path: Assets/Paddle.prefab
  artifactKey: Guid(b3cace6831c3b40558247f4a7bf5b3f6) Importer(815301076,1909f56bfc062723c751e8b465ee728b)
Start importing Assets/Paddle.prefab using Guid(b3cace6831c3b40558247f4a7bf5b3f6) Importer(815301076,1909f56bfc062723c751e8b465ee728b)  -> (artifact id: '7bac0d08181c29ad82650207b8321005') in 0.027354 seconds
  Import took 0.030754 seconds .

========================================================================
Received Import Request.
  Time since last request: 6.108444 seconds.
  path: Assets/Ball.prefab
  artifactKey: Guid(993e1007f55234e708b0b942d0fc3441) Importer(815301076,1909f56bfc062723c751e8b465ee728b)
Start importing Assets/Ball.prefab using Guid(993e1007f55234e708b0b942d0fc3441) Importer(815301076,1909f56bfc062723c751e8b465ee728b)  -> (artifact id: '3b15d96d20c822697f45e3067ba349ca') in 0.019543 seconds
  Import took 0.022728 seconds .

========================================================================
Received Import Request.
  Time since last request: 0.010671 seconds.
  path: Assets/Ball.prefab
  artifactKey: Guid(993e1007f55234e708b0b942d0fc3441) Importer(815301076,1909f56bfc062723c751e8b465ee728b)
Start importing Assets/Ball.prefab using Guid(993e1007f55234e708b0b942d0fc3441) Importer(815301076,1909f56bfc062723c751e8b465ee728b)  -> (artifact id: '3b15d96d20c822697f45e3067ba349ca') in 0.030295 seconds
  Import took 0.033817 seconds .

========================================================================
Received Prepare
Registering precompiled user dll's ...
Registered in 0.001337 seconds.
Begin MonoManager ReloadAssembly
Native extension for OSXStandalone target not found
Refreshing native plugins compatible for Editor in 0.35 ms, found 2 plugins.
Preloading 0 native plugins for Editor in 0.00 ms.
Invoked RoslynAnalysisRunner static constructor.
RoslynAnalysisRunner will not be running.
RoslynAnalysisRunner has terminated.
Mono: successfully reloaded assembly
- Completed reload, in  1.099 seconds
Platform modules already initialized, skipping
Refreshing native plugins compatible for Editor in 0.45 ms, found 2 plugins.
Preloading 0 native plugins for Editor in 0.00 ms.
Unloading 1804 Unused Serialized files (Serialized files now loaded: 0)
System memory in use before: 165.8 MB.
System memory in use after: 165.8 MB.

Unloading 12 unused Assets to reduce memory usage. Loaded Objects now: 2277.
Total: 2.146687 ms (FindLiveObjects: 0.228071 ms CreateObjectMapping: 0.078837 ms MarkObjects: 1.739552 ms  DeleteObjects: 0.099073 ms)

========================================================================
Received Prepare
Registering precompiled user dll's ...
Registered in 0.000927 seconds.
Begin MonoManager ReloadAssembly
Native extension for OSXStandalone target not found
Refreshing native plugins compatible for Editor in 0.33 ms, found 2 plugins.
Preloading 0 native plugins for Editor in 0.00 ms.
Invoked RoslynAnalysisRunner static constructor.
RoslynAnalysisRunner will not be running.
RoslynAnalysisRunner has terminated.
Mono: successfully reloaded assembly
- Completed reload, in  1.034 seconds
Platform modules already initialized, skipping
Refreshing native plugins compatible for Editor in 0.33 ms, found 2 plugins.
Preloading 0 native plugins for Editor in 0.00 ms.
Unloading 1804 Unused Serialized files (Serialized files now loaded: 0)
System memory in use before: 166.0 MB.
System memory in use after: 166.0 MB.

Unloading 12 unused Assets to reduce memory usage. Loaded Objects now: 2281.
Total: 2.041951 ms (FindLiveObjects: 0.190683 ms CreateObjectMapping: 0.068346 ms MarkObjects: 1.686297 ms  DeleteObjects: 0.095649 ms)

========================================================================
Received Prepare
Registering precompiled user dll's ...
Registered in 0.000600 seconds.
Begin MonoManager ReloadAssembly
Native extension for OSXStandalone target not found
Refreshing native plugins compatible for Editor in 0.36 ms, found 2 plugins.
Preloading 0 native plugins for Editor in 0.00 ms.
Invoked RoslynAnalysisRunner static constructor.
RoslynAnalysisRunner will not be running.
RoslynAnalysisRunner has terminated.
Mono: successfully reloaded assembly
- Completed reload, in  0.951 seconds
Platform modules already initialized, skipping
Refreshing native plugins compatible for Editor in 0.38 ms, found 2 plugins.
Preloading 0 native plugins for Editor in 0.00 ms.
Unloading 1804 Unused Serialized files (Serialized files now loaded: 0)
System memory in use before: 166.2 MB.
System memory in use after: 166.2 MB.

Unloading 12 unused Assets to reduce memory usage. Loaded Objects now: 2285.
Total: 1.980211 ms (FindLiveObjects: 0.218249 ms CreateObjectMapping: 0.063742 ms MarkObjects: 1.597237 ms  DeleteObjects: 0.099768 ms)

========================================================================
Received Prepare
Registering precompiled user dll's ...
Registered in 0.000860 seconds.
Begin MonoManager ReloadAssembly
Native extension for OSXStandalone target not found
Refreshing native plugins compatible for Editor in 0.32 ms, found 2 plugins.
Preloading 0 native plugins for Editor in 0.00 ms.
Invoked RoslynAnalysisRunner static constructor.
RoslynAnalysisRunner will not be running.
RoslynAnalysisRunner has terminated.
Mono: successfully reloaded assembly
- Completed reload, in  0.911 seconds
Platform modules already initialized, skipping
Refreshing native plugins compatible for Editor in 0.31 ms, found 2 plugins.
Preloading 0 native plugins for Editor in 0.00 ms.
Unloading 1804 Unused Serialized files (Serialized files now loaded: 0)
System memory in use before: 166.4 MB.
System memory in use after: 166.4 MB.

Unloading 12 unused Assets to reduce memory usage. Loaded Objects now: 2289.
Total: 1.845200 ms (FindLiveObjects: 0.261856 ms CreateObjectMapping: 0.058582 ms MarkObjects: 1.439743 ms  DeleteObjects: 0.084308 ms)

========================================================================
Received Prepare
Registering precompiled user dll's ...
Registered in 0.000625 seconds.
Begin MonoManager ReloadAssembly
Native extension for OSXStandalone target not found
Refreshing native plugins compatible for Editor in 0.32 ms, found 2 plugins.
Preloading 0 native plugins for Editor in 0.00 ms.
Invoked RoslynAnalysisRunner static constructor.
RoslynAnalysisRunner will not be running.
RoslynAnalysisRunner has terminated.
Mono: successfully reloaded assembly
- Completed reload, in  0.925 seconds
Platform modules already initialized, skipping
Refreshing native plugins compatible for Editor in 0.30 ms, found 2 plugins.
Preloading 0 native plugins for Editor in 0.00 ms.
Unloading 1804 Unused Serialized files (Serialized files now loaded: 0)
System memory in use before: 166.6 MB.
System memory in use after: 166.6 MB.

Unloading 12 unused Assets to reduce memory usage. Loaded Objects now: 2293.
Total: 2.028506 ms (FindLiveObjects: 0.254328 ms CreateObjectMapping: 0.074408 ms MarkObjects: 1.596586 ms  DeleteObjects: 0.101656 ms)

========================================================================
Received Prepare
Registering precompiled user dll's ...
Registered in 0.000550 seconds.
Begin MonoManager ReloadAssembly
Native extension for OSXStandalone target not found
Refreshing native plugins compatible for Editor in 0.32 ms, found 2 plugins.
Preloading 0 native plugins for Editor in 0.00 ms.
Invoked RoslynAnalysisRunner static constructor.
RoslynAnalysisRunner will not be running.
RoslynAnalysisRunner has terminated.
Mono: successfully reloaded assembly
- Completed reload, in  0.914 seconds
Platform modules already initialized, skipping
Refreshing native plugins compatible for Editor in 0.31 ms, found 2 plugins.
Preloading 0 native plugins for Editor in 0.00 ms.
Unloading 1804 Unused Serialized files (Serialized files now loaded: 0)
System memory in use before: 166.8 MB.
System memory in use after: 166.8 MB.

Unloading 12 unused Assets to reduce memory usage. Loaded Objects now: 2297.
Total: 1.875629 ms (FindLiveObjects: 0.200427 ms CreateObjectMapping: 0.060588 ms MarkObjects: 1.521847 ms  DeleteObjects: 0.091940 ms)

========================================================================
Received Prepare
Registering precompiled user dll's ...
Registered in 0.001099 seconds.
Begin MonoManager ReloadAssembly
Native extension for OSXStandalone target not found
Refreshing native plugins compatible for Editor in 0.31 ms, found 2 plugins.
Preloading 0 native plugins for Editor in 0.00 ms.
Invoked RoslynAnalysisRunner static constructor.
RoslynAnalysisRunner will not be running.
RoslynAnalysisRunner has terminated.
Mono: successfully reloaded assembly
- Completed reload, in  0.994 seconds
Platform modules already initialized, skipping
Refreshing native plugins compatible for Editor in 0.45 ms, found 2 plugins.
Preloading 0 native plugins for Editor in 0.00 ms.
Unloading 1804 Unused Serialized files (Serialized files now loaded: 0)
System memory in use before: 167.0 MB.
System memory in use after: 167.0 MB.

Unloading 12 unused Assets to reduce memory usage. Loaded Objects now: 2301.
Total: 2.244165 ms (FindLiveObjects: 0.210379 ms CreateObjectMapping: 0.061580 ms MarkObjects: 1.868376 ms  DeleteObjects: 0.102637 ms)

========================================================================
Received Prepare
Registering precompiled user dll's ...
Registered in 0.000610 seconds.
Begin MonoManager ReloadAssembly
Native extension for OSXStandalone target not found
Refreshing native plugins compatible for Editor in 0.34 ms, found 2 plugins.
Preloading 0 native plugins for Editor in 0.00 ms.
Invoked RoslynAnalysisRunner static constructor.
RoslynAnalysisRunner will not be running.
RoslynAnalysisRunner has terminated.
Mono: successfully reloaded assembly
- Completed reload, in  0.938 seconds
Platform modules already initialized, skipping
Refreshing native plugins compatible for Editor in 0.30 ms, found 2 plugins.
Preloading 0 native plugins for Editor in 0.00 ms.
Unloading 1804 Unused Serialized files (Serialized files now loaded: 0)
System memory in use before: 167.2 MB.
System memory in use after: 167.2 MB.

Unloading 12 unused Assets to reduce memory usage. Loaded Objects now: 2305.
Total: 2.591107 ms (FindLiveObjects: 0.222368 ms CreateObjectMapping: 0.069808 ms MarkObjects: 2.183977 ms  DeleteObjects: 0.113757 ms)

========================================================================
Received Prepare
Registering precompiled user dll's ...
Registered in 0.000606 seconds.
Begin MonoManager ReloadAssembly
Native extension for OSXStandalone target not found
Refreshing native plugins compatible for Editor in 0.31 ms, found 2 plugins.
Preloading 0 native plugins for Editor in 0.00 ms.
Invoked RoslynAnalysisRunner static constructor.
RoslynAnalysisRunner will not be running.
RoslynAnalysisRunner has terminated.
Mono: successfully reloaded assembly
- Completed reload, in  0.934 seconds
Platform modules already initialized, skipping
Refreshing native plugins compatible for Editor in 0.42 ms, found 2 plugins.
Preloading 0 native plugins for Editor in 0.00 ms.
Unloading 1804 Unused Serialized files (Serialized files now loaded: 0)
System memory in use before: 167.4 MB.
System memory in use after: 167.4 MB.

Unloading 12 unused Assets to reduce memory usage. Loaded Objects now: 2309.
Total: 2.003390 ms (FindLiveObjects: 0.187290 ms CreateObjectMapping: 0.063958 ms MarkObjects: 1.656492 ms  DeleteObjects: 0.094801 ms)

========================================================================
Received Prepare
Registering precompiled user dll's ...
Registered in 0.000602 seconds.
Begin MonoManager ReloadAssembly
Native extension for OSXStandalone target not found
Refreshing native plugins compatible for Editor in 0.31 ms, found 2 plugins.
Preloading 0 native plugins for Editor in 0.00 ms.
Invoked RoslynAnalysisRunner static constructor.
RoslynAnalysisRunner will not be running.
RoslynAnalysisRunner has terminated.
Mono: successfully reloaded assembly
- Completed reload, in  0.909 seconds
Platform modules already initialized, skipping
Refreshing native plugins compatible for Editor in 0.28 ms, found 2 plugins.
Preloading 0 native plugins for Editor in 0.00 ms.
Unloading 1804 Unused Serialized files (Serialized files now loaded: 0)
System memory in use before: 167.6 MB.
System memory in use after: 167.6 MB.

Unloading 12 unused Assets to reduce memory usage. Loaded Objects now: 2313.
Total: 2.212855 ms (FindLiveObjects: 0.221848 ms CreateObjectMapping: 0.072799 ms MarkObjects: 1.808676 ms  DeleteObjects: 0.108129 ms)

========================================================================
Received Prepare
Registering precompiled user dll's ...
Registered in 0.000613 seconds.
Begin MonoManager ReloadAssembly
Native extension for OSXStandalone target not found
Refreshing native plugins compatible for Editor in 0.34 ms, found 2 plugins.
Preloading 0 native plugins for Editor in 0.00 ms.
Invoked RoslynAnalysisRunner static constructor.
RoslynAnalysisRunner will not be running.
RoslynAnalysisRunner has terminated.
Mono: successfully reloaded assembly
- Completed reload, in  0.968 seconds
Platform modules already initialized, skipping
Refreshing native plugins compatible for Editor in 0.32 ms, found 2 plugins.
Preloading 0 native plugins for Editor in 0.00 ms.
Unloading 1804 Unused Serialized files (Serialized files now loaded: 0)
System memory in use before: 167.8 MB.
System memory in use after: 167.8 MB.

Unloading 12 unused Assets to reduce memory usage. Loaded Objects now: 2317.
Total: 2.257120 ms (FindLiveObjects: 0.229077 ms CreateObjectMapping: 0.078424 ms MarkObjects: 1.843066 ms  DeleteObjects: 0.105356 ms)

========================================================================
Received Prepare
Registering precompiled user dll's ...
Registered in 0.000768 seconds.
Begin MonoManager ReloadAssembly
Native extension for OSXStandalone target not found
Refreshing native plugins compatible for Editor in 0.33 ms, found 2 plugins.
Preloading 0 native plugins for Editor in 0.00 ms.
Invoked RoslynAnalysisRunner static constructor.
RoslynAnalysisRunner will not be running.
RoslynAnalysisRunner has terminated.
Mono: successfully reloaded assembly
- Completed reload, in  1.102 seconds
Platform modules already initialized, skipping
Refreshing native plugins compatible for Editor in 0.45 ms, found 2 plugins.
Preloading 0 native plugins for Editor in 0.00 ms.
Unloading 1804 Unused Serialized files (Serialized files now loaded: 0)
System memory in use before: 168.0 MB.
System memory in use after: 168.0 MB.

Unloading 12 unused Assets to reduce memory usage. Loaded Objects now: 2321.
Total: 2.188536 ms (FindLiveObjects: 0.282059 ms CreateObjectMapping: 0.089095 ms MarkObjects: 1.711293 ms  DeleteObjects: 0.104472 ms)

========================================================================
Received Prepare
Registering precompiled user dll's ...
Registered in 0.000599 seconds.
Begin MonoManager ReloadAssembly
Native extension for OSXStandalone target not found
Refreshing native plugins compatible for Editor in 0.34 ms, found 2 plugins.
Preloading 0 native plugins for Editor in 0.00 ms.
Invoked RoslynAnalysisRunner static constructor.
RoslynAnalysisRunner will not be running.
RoslynAnalysisRunner has terminated.
Mono: successfully reloaded assembly
- Completed reload, in  1.059 seconds
Platform modules already initialized, skipping
Refreshing native plugins compatible for Editor in 0.36 ms, found 2 plugins.
Preloading 0 native plugins for Editor in 0.00 ms.
Unloading 1804 Unused Serialized files (Serialized files now loaded: 0)
System memory in use before: 168.2 MB.
System memory in use after: 168.2 MB.

Unloading 12 unused Assets to reduce memory usage. Loaded Objects now: 2325.
Total: 2.254564 ms (FindLiveObjects: 0.281242 ms CreateObjectMapping: 0.084742 ms MarkObjects: 1.789716 ms  DeleteObjects: 0.097737 ms)

========================================================================
Received Prepare
Registering precompiled user dll's ...
Registered in 0.021946 seconds.
Begin MonoManager ReloadAssembly
Native extension for OSXStandalone target not found
Refreshing native plugins compatible for Editor in 0.35 ms, found 2 plugins.
Preloading 0 native plugins for Editor in 0.00 ms.
Invoked RoslynAnalysisRunner static constructor.
RoslynAnalysisRunner will not be running.
RoslynAnalysisRunner has terminated.
Mono: successfully reloaded assembly
- Completed reload, in  1.069 seconds
Platform modules already initialized, skipping
Refreshing native plugins compatible for Editor in 0.33 ms, found 2 plugins.
Preloading 0 native plugins for Editor in 0.00 ms.
Unloading 1804 Unused Serialized files (Serialized files now loaded: 0)
System memory in use before: 168.4 MB.
System memory in use after: 168.4 MB.

Unloading 12 unused Assets to reduce memory usage. Loaded Objects now: 2329.
Total: 2.214019 ms (FindLiveObjects: 0.218168 ms CreateObjectMapping: 0.085335 ms MarkObjects: 1.802153 ms  DeleteObjects: 0.107058 ms)

========================================================================
Received Prepare
Registering precompiled user dll's ...
Registered in 0.000558 seconds.
Begin MonoManager ReloadAssembly
Native extension for OSXStandalone target not found
Refreshing native plugins compatible for Editor in 0.33 ms, found 2 plugins.
Preloading 0 native plugins for Editor in 0.00 ms.
Invoked RoslynAnalysisRunner static constructor.
RoslynAnalysisRunner will not be running.
RoslynAnalysisRunner has terminated.
Mono: successfully reloaded assembly
- Completed reload, in  0.939 seconds
Platform modules already initialized, skipping
Refreshing native plugins compatible for Editor in 0.31 ms, found 2 plugins.
Preloading 0 native plugins for Editor in 0.00 ms.
Unloading 1804 Unused Serialized files (Serialized files now loaded: 0)
System memory in use before: 168.6 MB.
System memory in use after: 168.6 MB.

Unloading 12 unused Assets to reduce memory usage. Loaded Objects now: 2333.
Total: 2.048347 ms (FindLiveObjects: 0.239025 ms CreateObjectMapping: 0.073963 ms MarkObjects: 1.631533 ms  DeleteObjects: 0.102226 ms)

========================================================================
Received Import Request.
  Time since last request: 4162.877634 seconds.
  path: Assets/Paddle.prefab
  artifactKey: Guid(b3cace6831c3b40558247f4a7bf5b3f6) Importer(815301076,1909f56bfc062723c751e8b465ee728b)
Start importing Assets/Paddle.prefab using Guid(b3cace6831c3b40558247f4a7bf5b3f6) Importer(815301076,1909f56bfc062723c751e8b465ee728b)  -> (artifact id: '0d26b09a0e7a208de3576cbfb1204189') in 0.064698 seconds
  Import took 0.068982 seconds .

========================================================================
Received Prepare
Registering precompiled user dll's ...
Registered in 0.000615 seconds.
Begin MonoManager ReloadAssembly
Native extension for OSXStandalone target not found
Refreshing native plugins compatible for Editor in 0.31 ms, found 2 plugins.
Preloading 0 native plugins for Editor in 0.00 ms.
Invoked RoslynAnalysisRunner static constructor.
RoslynAnalysisRunner will not be running.
RoslynAnalysisRunner has terminated.
Mono: successfully reloaded assembly
- Completed reload, in  0.948 seconds
Platform modules already initialized, skipping
Refreshing native plugins compatible for Editor in 0.30 ms, found 2 plugins.
Preloading 0 native plugins for Editor in 0.00 ms.
Unloading 1804 Unused Serialized files (Serialized files now loaded: 0)
System memory in use before: 168.9 MB.
System memory in use after: 168.9 MB.

Unloading 12 unused Assets to reduce memory usage. Loaded Objects now: 2338.
Total: 2.173138 ms (FindLiveObjects: 0.211756 ms CreateObjectMapping: 0.067308 ms MarkObjects: 1.787255 ms  DeleteObjects: 0.105535 ms)

========================================================================
Received Prepare
Registering precompiled user dll's ...
Registered in 0.000560 seconds.
Begin MonoManager ReloadAssembly
Native extension for OSXStandalone target not found
Refreshing native plugins compatible for Editor in 0.31 ms, found 2 plugins.
Preloading 0 native plugins for Editor in 0.00 ms.
Invoked RoslynAnalysisRunner static constructor.
RoslynAnalysisRunner will not be running.
RoslynAnalysisRunner has terminated.
Mono: successfully reloaded assembly
- Completed reload, in  0.905 seconds
Platform modules already initialized, skipping
Refreshing native plugins compatible for Editor in 0.30 ms, found 2 plugins.
Preloading 0 native plugins for Editor in 0.00 ms.
Unloading 1804 Unused Serialized files (Serialized files now loaded: 0)
System memory in use before: 169.1 MB.
System memory in use after: 169.1 MB.

Unloading 12 unused Assets to reduce memory usage. Loaded Objects now: 2342.
Total: 2.179547 ms (FindLiveObjects: 0.237703 ms CreateObjectMapping: 0.062918 ms MarkObjects: 1.780308 ms  DeleteObjects: 0.097816 ms)

========================================================================
Received Prepare
Registering precompiled user dll's ...
Registered in 0.000601 seconds.
Begin MonoManager ReloadAssembly
Native extension for OSXStandalone target not found
Refreshing native plugins compatible for Editor in 0.34 ms, found 2 plugins.
Preloading 0 native plugins for Editor in 0.00 ms.
Invoked RoslynAnalysisRunner static constructor.
RoslynAnalysisRunner will not be running.
RoslynAnalysisRunner has terminated.
Mono: successfully reloaded assembly
- Completed reload, in  1.055 seconds
Platform modules already initialized, skipping
Refreshing native plugins compatible for Editor in 0.41 ms, found 2 plugins.
Preloading 0 native plugins for Editor in 0.00 ms.
Unloading 1804 Unused Serialized files (Serialized files now loaded: 0)
System memory in use before: 169.3 MB.
System memory in use after: 169.3 MB.

Unloading 12 unused Assets to reduce memory usage. Loaded Objects now: 2346.
Total: 2.187964 ms (FindLiveObjects: 0.236250 ms CreateObjectMapping: 0.072165 ms MarkObjects: 1.780330 ms  DeleteObjects: 0.098218 ms)

========================================================================
Received Prepare
Registering precompiled user dll's ...
Registered in 0.000629 seconds.
Begin MonoManager ReloadAssembly
Native extension for OSXStandalone target not found
Refreshing native plugins compatible for Editor in 0.40 ms, found 2 plugins.
Preloading 0 native plugins for Editor in 0.00 ms.
Invoked RoslynAnalysisRunner static constructor.
RoslynAnalysisRunner will not be running.
RoslynAnalysisRunner has terminated.
Mono: successfully reloaded assembly
- Completed reload, in  0.952 seconds
Platform modules already initialized, skipping
Refreshing native plugins compatible for Editor in 0.33 ms, found 2 plugins.
Preloading 0 native plugins for Editor in 0.00 ms.
Unloading 1804 Unused Serialized files (Serialized files now loaded: 0)
System memory in use before: 169.5 MB.
System memory in use after: 169.5 MB.

Unloading 12 unused Assets to reduce memory usage. Loaded Objects now: 2350.
Total: 2.083061 ms (FindLiveObjects: 0.252629 ms CreateObjectMapping: 0.073691 ms MarkObjects: 1.647427 ms  DeleteObjects: 0.108234 ms)

========================================================================
Received Prepare
Registering precompiled user dll's ...
Registered in 0.000568 seconds.
Begin MonoManager ReloadAssembly
Native extension for OSXStandalone target not found
Refreshing native plugins compatible for Editor in 0.32 ms, found 2 plugins.
Preloading 0 native plugins for Editor in 0.00 ms.
Invoked RoslynAnalysisRunner static constructor.
RoslynAnalysisRunner will not be running.
RoslynAnalysisRunner has terminated.
Mono: successfully reloaded assembly
- Completed reload, in  0.917 seconds
Platform modules already initialized, skipping
Refreshing native plugins compatible for Editor in 0.30 ms, found 2 plugins.
Preloading 0 native plugins for Editor in 0.00 ms.
Unloading 1804 Unused Serialized files (Serialized files now loaded: 0)
System memory in use before: 169.7 MB.
System memory in use after: 169.7 MB.

Unloading 12 unused Assets to reduce memory usage. Loaded Objects now: 2354.
Total: 2.092228 ms (FindLiveObjects: 0.227337 ms CreateObjectMapping: 0.068419 ms MarkObjects: 1.696314 ms  DeleteObjects: 0.099342 ms)

========================================================================
Received Prepare
Registering precompiled user dll's ...
Registered in 0.000554 seconds.
Begin MonoManager ReloadAssembly
Native extension for OSXStandalone target not found
Refreshing native plugins compatible for Editor in 0.32 ms, found 2 plugins.
Preloading 0 native plugins for Editor in 0.00 ms.
Invoked RoslynAnalysisRunner static constructor.
RoslynAnalysisRunner will not be running.
RoslynAnalysisRunner has terminated.
Mono: successfully reloaded assembly
- Completed reload, in  1.075 seconds
Platform modules already initialized, skipping
Refreshing native plugins compatible for Editor in 0.33 ms, found 2 plugins.
Preloading 0 native plugins for Editor in 0.00 ms.
Unloading 1804 Unused Serialized files (Serialized files now loaded: 0)
System memory in use before: 169.8 MB.
System memory in use after: 169.9 MB.

Unloading 12 unused Assets to reduce memory usage. Loaded Objects now: 2358.
Total: 2.149537 ms (FindLiveObjects: 0.208626 ms CreateObjectMapping: 0.064324 ms MarkObjects: 1.773284 ms  DeleteObjects: 0.102350 ms)

========================================================================
Received Import Request.
  Time since last request: 431.018042 seconds.
  path: Assets/Paddle.prefab
  artifactKey: Guid(b3cace6831c3b40558247f4a7bf5b3f6) Importer(815301076,1909f56bfc062723c751e8b465ee728b)
Start importing Assets/Paddle.prefab using Guid(b3cace6831c3b40558247f4a7bf5b3f6) Importer(815301076,1909f56bfc062723c751e8b465ee728b)  -> (artifact id: '5ca7253d448c4faa0fa476be43a000c1') in 0.067477 seconds
  Import took 0.071167 seconds .

========================================================================
Received Prepare
Registering precompiled user dll's ...
Registered in 0.000575 seconds.
Begin MonoManager ReloadAssembly
Native extension for OSXStandalone target not found
Refreshing native plugins compatible for Editor in 0.31 ms, found 2 plugins.
Preloading 0 native plugins for Editor in 0.00 ms.
Invoked RoslynAnalysisRunner static constructor.
RoslynAnalysisRunner will not be running.
RoslynAnalysisRunner has terminated.
Mono: successfully reloaded assembly
- Completed reload, in  0.930 seconds
Platform modules already initialized, skipping
Refreshing native plugins compatible for Editor in 0.30 ms, found 2 plugins.
Preloading 0 native plugins for Editor in 0.00 ms.
Unloading 1804 Unused Serialized files (Serialized files now loaded: 0)
System memory in use before: 170.1 MB.
System memory in use after: 170.1 MB.

Unloading 12 unused Assets to reduce memory usage. Loaded Objects now: 2363.
Total: 2.206668 ms (FindLiveObjects: 0.217778 ms CreateObjectMapping: 0.065882 ms MarkObjects: 1.812035 ms  DeleteObjects: 0.109441 ms)

========================================================================
Received Import Request.
  Time since last request: 851.547839 seconds.
  path: Assets/Ball.prefab
  artifactKey: Guid(993e1007f55234e708b0b942d0fc3441) Importer(815301076,1909f56bfc062723c751e8b465ee728b)
Start importing Assets/Ball.prefab using Guid(993e1007f55234e708b0b942d0fc3441) Importer(815301076,1909f56bfc062723c751e8b465ee728b)  -> (artifact id: '6891b61440b8b731a443cbb6c24c18d5') in 0.067065 seconds
  Import took 0.070500 seconds .

========================================================================
Received Import Request.
  Time since last request: 0.110331 seconds.
  path: Assets/Ball.prefab
  artifactKey: Guid(993e1007f55234e708b0b942d0fc3441) Importer(815301076,1909f56bfc062723c751e8b465ee728b)
Start importing Assets/Ball.prefab using Guid(993e1007f55234e708b0b942d0fc3441) Importer(815301076,1909f56bfc062723c751e8b465ee728b)  -> (artifact id: '6891b61440b8b731a443cbb6c24c18d5') in 0.013324 seconds
  Import took 0.016312 seconds .

========================================================================
Received Prepare
Registering precompiled user dll's ...
Registered in 0.000636 seconds.
Begin MonoManager ReloadAssembly
Native extension for OSXStandalone target not found
Refreshing native plugins compatible for Editor in 0.32 ms, found 2 plugins.
Preloading 0 native plugins for Editor in 0.00 ms.
Invoked RoslynAnalysisRunner static constructor.
RoslynAnalysisRunner will not be running.
RoslynAnalysisRunner has terminated.
Mono: successfully reloaded assembly
- Completed reload, in  0.956 seconds
Platform modules already initialized, skipping
Refreshing native plugins compatible for Editor in 0.38 ms, found 2 plugins.
Preloading 0 native plugins for Editor in 0.00 ms.
Unloading 1804 Unused Serialized files (Serialized files now loaded: 0)
System memory in use before: 170.4 MB.
System memory in use after: 170.4 MB.

Unloading 12 unused Assets to reduce memory usage. Loaded Objects now: 2368.
Total: 2.336346 ms (FindLiveObjects: 0.253575 ms CreateObjectMapping: 0.159528 ms MarkObjects: 1.808843 ms  DeleteObjects: 0.112911 ms)

========================================================================
Received Import Request.
  Time since last request: 20.595016 seconds.
  path: Assets/Ball.prefab
  artifactKey: Guid(993e1007f55234e708b0b942d0fc3441) Importer(815301076,1909f56bfc062723c751e8b465ee728b)
Start importing Assets/Ball.prefab using Guid(993e1007f55234e708b0b942d0fc3441) Importer(815301076,1909f56bfc062723c751e8b465ee728b)  -> (artifact id: '1ca99fb37db53c3b7dd69995adb7afb9') in 0.076487 seconds
  Import took 0.080279 seconds .

========================================================================
Received Prepare
Registering precompiled user dll's ...
Registered in 0.000583 seconds.
Begin MonoManager ReloadAssembly
Native extension for OSXStandalone target not found
Refreshing native plugins compatible for Editor in 0.31 ms, found 2 plugins.
Preloading 0 native plugins for Editor in 0.00 ms.
Invoked RoslynAnalysisRunner static constructor.
RoslynAnalysisRunner will not be running.
RoslynAnalysisRunner has terminated.
Mono: successfully reloaded assembly
- Completed reload, in  0.903 seconds
Platform modules already initialized, skipping
Refreshing native plugins compatible for Editor in 0.30 ms, found 2 plugins.
Preloading 0 native plugins for Editor in 0.00 ms.
Unloading 1804 Unused Serialized files (Serialized files now loaded: 0)
System memory in use before: 170.6 MB.
System memory in use after: 170.6 MB.

Unloading 12 unused Assets to reduce memory usage. Loaded Objects now: 2373.
Total: 2.017162 ms (FindLiveObjects: 0.210454 ms CreateObjectMapping: 0.065355 ms MarkObjects: 1.638654 ms  DeleteObjects: 0.101890 ms)

========================================================================
Received Prepare
Registering precompiled user dll's ...
Registered in 0.000561 seconds.
Begin MonoManager ReloadAssembly
Native extension for OSXStandalone target not found
Refreshing native plugins compatible for Editor in 0.33 ms, found 2 plugins.
Preloading 0 native plugins for Editor in 0.00 ms.
Invoked RoslynAnalysisRunner static constructor.
RoslynAnalysisRunner will not be running.
RoslynAnalysisRunner has terminated.
Mono: successfully reloaded assembly
- Completed reload, in  1.068 seconds
Platform modules already initialized, skipping
Refreshing native plugins compatible for Editor in 0.39 ms, found 2 plugins.
Preloading 0 native plugins for Editor in 0.00 ms.
Unloading 1804 Unused Serialized files (Serialized files now loaded: 0)
System memory in use before: 170.8 MB.
System memory in use after: 170.8 MB.

Unloading 12 unused Assets to reduce memory usage. Loaded Objects now: 2377.
Total: 2.229271 ms (FindLiveObjects: 0.213654 ms CreateObjectMapping: 0.079753 ms MarkObjects: 1.808654 ms  DeleteObjects: 0.125813 ms)

========================================================================
Received Import Request.
  Time since last request: 32.864675 seconds.
  path: Assets/Ball.prefab
  artifactKey: Guid(993e1007f55234e708b0b942d0fc3441) Importer(815301076,1909f56bfc062723c751e8b465ee728b)
Start importing Assets/Ball.prefab using Guid(993e1007f55234e708b0b942d0fc3441) Importer(815301076,1909f56bfc062723c751e8b465ee728b)  -> (artifact id: '4edb521fc1219f634c409809728479e0') in 0.065435 seconds
  Import took 0.068952 seconds .

========================================================================
Received Prepare
Registering precompiled user dll's ...
Registered in 0.000647 seconds.
Begin MonoManager ReloadAssembly
Native extension for OSXStandalone target not found
Refreshing native plugins compatible for Editor in 0.31 ms, found 2 plugins.
Preloading 0 native plugins for Editor in 0.00 ms.
Invoked RoslynAnalysisRunner static constructor.
RoslynAnalysisRunner will not be running.
RoslynAnalysisRunner has terminated.
Mono: successfully reloaded assembly
- Completed reload, in  1.020 seconds
Platform modules already initialized, skipping
Refreshing native plugins compatible for Editor in 0.32 ms, found 2 plugins.
Preloading 0 native plugins for Editor in 0.00 ms.
Unloading 1804 Unused Serialized files (Serialized files now loaded: 0)
System memory in use before: 171.0 MB.
System memory in use after: 171.0 MB.

Unloading 12 unused Assets to reduce memory usage. Loaded Objects now: 2382.
Total: 2.309509 ms (FindLiveObjects: 0.244464 ms CreateObjectMapping: 0.083194 ms MarkObjects: 1.869325 ms  DeleteObjects: 0.111095 ms)

========================================================================
Received Prepare
Registering precompiled user dll's ...
Registered in 0.000552 seconds.
Begin MonoManager ReloadAssembly
Native extension for OSXStandalone target not found
Refreshing native plugins compatible for Editor in 0.31 ms, found 2 plugins.
Preloading 0 native plugins for Editor in 0.00 ms.
Invoked RoslynAnalysisRunner static constructor.
RoslynAnalysisRunner will not be running.
RoslynAnalysisRunner has terminated.
Mono: successfully reloaded assembly
- Completed reload, in  1.088 seconds
Platform modules already initialized, skipping
Refreshing native plugins compatible for Editor in 0.32 ms, found 2 plugins.
Preloading 0 native plugins for Editor in 0.00 ms.
Unloading 1804 Unused Serialized files (Serialized files now loaded: 0)
System memory in use before: 171.2 MB.
System memory in use after: 171.2 MB.

Unloading 12 unused Assets to reduce memory usage. Loaded Objects now: 2386.
Total: 1.980588 ms (FindLiveObjects: 0.198659 ms CreateObjectMapping: 0.065738 ms MarkObjects: 1.608427 ms  DeleteObjects: 0.106641 ms)

========================================================================
Received Import Request.
  Time since last request: 26.656870 seconds.
  path: Assets/Ball.prefab
  artifactKey: Guid(993e1007f55234e708b0b942d0fc3441) Importer(815301076,1909f56bfc062723c751e8b465ee728b)
Start importing Assets/Ball.prefab using Guid(993e1007f55234e708b0b942d0fc3441) Importer(815301076,1909f56bfc062723c751e8b465ee728b)  -> (artifact id: '337308507d3c7b91b825ec2f628d4bb3') in 0.067544 seconds
  Import took 0.071076 seconds .

========================================================================
Received Prepare
Registering precompiled user dll's ...
Registered in 0.003320 seconds.
Begin MonoManager ReloadAssembly
Native extension for OSXStandalone target not found
Refreshing native plugins compatible for Editor in 0.31 ms, found 2 plugins.
Preloading 0 native plugins for Editor in 0.00 ms.
Invoked RoslynAnalysisRunner static constructor.
RoslynAnalysisRunner will not be running.
RoslynAnalysisRunner has terminated.
Mono: successfully reloaded assembly
- Completed reload, in  0.947 seconds
Platform modules already initialized, skipping
Refreshing native plugins compatible for Editor in 0.39 ms, found 2 plugins.
Preloading 0 native plugins for Editor in 0.00 ms.
Unloading 1804 Unused Serialized files (Serialized files now loaded: 0)
System memory in use before: 171.5 MB.
System memory in use after: 171.5 MB.

Unloading 12 unused Assets to reduce memory usage. Loaded Objects now: 2391.
Total: 2.007999 ms (FindLiveObjects: 0.235706 ms CreateObjectMapping: 0.065943 ms MarkObjects: 1.594321 ms  DeleteObjects: 0.107778 ms)

========================================================================
Received Import Request.
  Time since last request: 1117.161669 seconds.
  path: Assets/Paddle.prefab
  artifactKey: Guid(b3cace6831c3b40558247f4a7bf5b3f6) Importer(815301076,1909f56bfc062723c751e8b465ee728b)
Start importing Assets/Paddle.prefab using Guid(b3cace6831c3b40558247f4a7bf5b3f6) Importer(815301076,1909f56bfc062723c751e8b465ee728b)  -> (artifact id: '1c21204c1e0adb368ba9dc8a8aa71ec2') in 0.062407 seconds
  Import took 0.065748 seconds .

========================================================================
Received Prepare
Registering precompiled user dll's ...
Registered in 0.000616 seconds.
Begin MonoManager ReloadAssembly
Native extension for OSXStandalone target not found
Refreshing native plugins compatible for Editor in 0.31 ms, found 2 plugins.
Preloading 0 native plugins for Editor in 0.00 ms.
Invoked RoslynAnalysisRunner static constructor.
RoslynAnalysisRunner will not be running.
RoslynAnalysisRunner has terminated.
Mono: successfully reloaded assembly
- Completed reload, in  0.906 seconds
Platform modules already initialized, skipping
Refreshing native plugins compatible for Editor in 0.30 ms, found 2 plugins.
Preloading 0 native plugins for Editor in 0.00 ms.
Unloading 1804 Unused Serialized files (Serialized files now loaded: 0)
System memory in use before: 171.8 MB.
System memory in use after: 171.8 MB.

Unloading 12 unused Assets to reduce memory usage. Loaded Objects now: 2396.
Total: 2.062558 ms (FindLiveObjects: 0.216277 ms CreateObjectMapping: 0.064000 ms MarkObjects: 1.682823 ms  DeleteObjects: 0.098562 ms)

========================================================================
Received Prepare
Registering precompiled user dll's ...
Registered in 0.000616 seconds.
Begin MonoManager ReloadAssembly
Native extension for OSXStandalone target not found
Refreshing native plugins compatible for Editor in 0.32 ms, found 2 plugins.
Preloading 0 native plugins for Editor in 0.00 ms.
Invoked RoslynAnalysisRunner static constructor.
RoslynAnalysisRunner will not be running.
RoslynAnalysisRunner has terminated.
Mono: successfully reloaded assembly
- Completed reload, in  1.106 seconds
Platform modules already initialized, skipping
Refreshing native plugins compatible for Editor in 0.33 ms, found 2 plugins.
Preloading 0 native plugins for Editor in 0.00 ms.
Unloading 1804 Unused Serialized files (Serialized files now loaded: 0)
System memory in use before: 171.9 MB.
System memory in use after: 172.0 MB.

Unloading 12 unused Assets to reduce memory usage. Loaded Objects now: 2400.
Total: 2.121254 ms (FindLiveObjects: 0.197982 ms CreateObjectMapping: 0.068369 ms MarkObjects: 1.749787 ms  DeleteObjects: 0.104025 ms)

